This file contains any messages produced by compilers while
running configure, to aid debugging if configure makes a mistake.

It was created by quicksort configure 1.0, which was
generated by GNU Autoconf 2.71.  Invocation command line was

  $ ./configure CXX=g++-12

## --------- ##
## Platform. ##
## --------- ##

hostname = Ichis-Mac-mini-M1-8GB.local
uname -m = arm64
uname -r = 22.1.0
uname -s = Darwin
uname -v = Darwin Kernel Version 22.1.0: Sun Oct  9 20:14:30 PDT 2022; root:xnu-8792.41.9~2/RELEASE_ARM64_T8103

/usr/bin/uname -p = arm
/bin/uname -X     = unknown

/bin/arch              = unknown
/usr/bin/arch -k       = unknown
/usr/convex/getsysinfo = unknown
/usr/bin/hostinfo      = Mach kernel version:
	 Darwin Kernel Version 22.1.0: Sun Oct  9 20:14:30 PDT 2022; root:xnu-8792.41.9~2/RELEASE_ARM64_T8103
Kernel configured for up to 8 processors.
8 processors are physically available.
8 processors are logically available.
Processor type: arm64e (ARM64E)
Processors active: 0 1 2 3 4 5 6 7
Primary memory available: 8.00 gigabytes
Default processor set: 429 tasks, 2629 threads, 8 processors
Load average: 1.50, Mach factor: 6.49
/bin/machine           = unknown
/usr/bin/oslevel       = unknown
/bin/universe          = unknown

PATH: /opt/homebrew/bin/
PATH: /usr/local/bin/
PATH: /System/Cryptexes/App/usr/bin/
PATH: /usr/bin/
PATH: /bin/
PATH: /usr/sbin/
PATH: /sbin/
PATH: /Library/Apple/usr/bin/


## ----------- ##
## Core tests. ##
## ----------- ##

configure:2495: looking for aux files: compile missing install-sh
configure:2508:  trying ./
configure:2537:   ./compile found
configure:2537:   ./missing found
configure:2519:   ./install-sh found
configure:2666: checking for a BSD-compatible install
configure:2739: result: /usr/bin/install -c
configure:2750: checking whether build environment is sane
configure:2805: result: yes
configure:2964: checking for a race-free mkdir -p
configure:3008: result: ./install-sh -c -d
configure:3015: checking for gawk
configure:3036: found /opt/homebrew/bin/gawk
configure:3047: result: gawk
configure:3058: checking whether make sets $(MAKE)
configure:3081: result: yes
configure:3111: checking whether make supports nested variables
configure:3129: result: yes
configure:3399: checking for C++ compiler version
configure:3408: g++-12 --version >&5
g++-12 (Homebrew GCC 12.2.0) 12.2.0
Copyright (C) 2022 Free Software Foundation, Inc.
This is free software; see the source for copying conditions.  There is NO
warranty; not even for MERCHANTABILITY or FITNESS FOR A PARTICULAR PURPOSE.

configure:3419: $? = 0
configure:3408: g++-12 -v >&5
Using built-in specs.
COLLECT_GCC=g++-12
COLLECT_LTO_WRAPPER=/opt/homebrew/Cellar/gcc/12.2.0/bin/../libexec/gcc/aarch64-apple-darwin22/12/lto-wrapper
Target: aarch64-apple-darwin22
Configured with: ../configure --prefix=/opt/homebrew/opt/gcc --libdir=/opt/homebrew/opt/gcc/lib/gcc/current --disable-nls --enable-checking=release --with-gcc-major-version-only --enable-languages=c,c++,objc,obj-c++,fortran --program-suffix=-12 --with-gmp=/opt/homebrew/opt/gmp --with-mpfr=/opt/homebrew/opt/mpfr --with-mpc=/opt/homebrew/opt/libmpc --with-isl=/opt/homebrew/opt/isl --with-zstd=/opt/homebrew/opt/zstd --with-pkgversion='Homebrew GCC 12.2.0' --with-bugurl=https://github.com/Homebrew/homebrew-core/issues --with-system-zlib --build=aarch64-apple-darwin22 --with-sysroot=/Library/Developer/CommandLineTools/SDKs/MacOSX13.sdk
Thread model: posix
Supported LTO compression algorithms: zlib zstd
gcc version 12.2.0 (Homebrew GCC 12.2.0) 
configure:3419: $? = 0
configure:3408: g++-12 -V >&5
g++-12: error: unrecognized command-line option '-V'
g++-12: fatal error: no input files
compilation terminated.
configure:3419: $? = 1
configure:3408: g++-12 -qversion >&5
g++-12: error: unrecognized command-line option '-qversion'; did you mean '--version'?
g++-12: fatal error: no input files
compilation terminated.
configure:3419: $? = 1
configure:3439: checking whether the C++ compiler works
configure:3461: g++-12    conftest.cpp  >&5
configure:3465: $? = 0
configure:3515: result: yes
configure:3518: checking for C++ compiler default output file name
configure:3520: result: a.out
configure:3526: checking for suffix of executables
configure:3533: g++-12 -o conftest    conftest.cpp  >&5
configure:3537: $? = 0
configure:3560: result: 
configure:3582: checking whether we are cross compiling
configure:3590: g++-12 -o conftest    conftest.cpp  >&5
configure:3594: $? = 0
configure:3601: ./conftest
configure:3605: $? = 0
configure:3620: result: no
configure:3625: checking for suffix of object files
configure:3648: g++-12 -c   conftest.cpp >&5
configure:3652: $? = 0
configure:3674: result: o
configure:3678: checking whether the compiler supports GNU C++
configure:3698: g++-12 -c   conftest.cpp >&5
configure:3698: $? = 0
configure:3708: result: yes
configure:3719: checking whether g++-12 accepts -g
configure:3740: g++-12 -c -g  conftest.cpp >&5
configure:3740: $? = 0
configure:3784: result: yes
configure:3804: checking for g++-12 option to enable C++11 features
configure:3819: g++-12  -c -g -O2  conftest.cpp >&5
conftest.cpp: In function 'int main(int, char**)':
conftest.cpp:177:25: warning: empty parentheses were disambiguated as a function declaration [-Wvexing-parse]
  177 |   cxx11test::delegate d2();
      |                         ^~
conftest.cpp:177:25: note: remove parentheses to default-initialize a variable
  177 |   cxx11test::delegate d2();
      |                         ^~
      |                         --
conftest.cpp:177:25: note: or replace parentheses with braces to value-initialize a variable
configure:3819: $? = 0
configure:3837: result: none needed
configure:3904: checking whether make supports the include directive
configure:3919: make -f confmf.GNU && cat confinc.out
this is the am__doit target
configure:3922: $? = 0
configure:3941: result: yes (GNU style)
configure:3967: checking dependency style of g++-12
configure:4079: result: gcc3
configure:4156: checking for gcc
configure:4177: found /usr/bin/gcc
configure:4188: result: gcc
configure:4541: checking for C compiler version
configure:4550: gcc --version >&5
Apple clang version 14.0.0 (clang-1400.0.29.202)
Target: arm64-apple-darwin22.1.0
Thread model: posix
InstalledDir: /Applications/Xcode.app/Contents/Developer/Toolchains/XcodeDefault.xctoolchain/usr/bin
configure:4561: $? = 0
configure:4550: gcc -v >&5
Apple clang version 14.0.0 (clang-1400.0.29.202)
Target: arm64-apple-darwin22.1.0
Thread model: posix
InstalledDir: /Applications/Xcode.app/Contents/Developer/Toolchains/XcodeDefault.xctoolchain/usr/bin
configure:4561: $? = 0
configure:4550: gcc -V >&5
clang: error: argument to '-V' is missing (expected 1 value)
clang: error: no input files
configure:4561: $? = 1
configure:4550: gcc -qversion >&5
clang: error: unknown argument '-qversion'; did you mean '--version'?
clang: error: no input files
configure:4561: $? = 1
configure:4550: gcc -version >&5
clang: error: unknown argument '-version'; did you mean '--version'?
clang: error: no input files
configure:4561: $? = 1
configure:4565: checking whether the compiler supports GNU C
configure:4585: gcc -c   conftest.c >&5
configure:4585: $? = 0
configure:4595: result: yes
configure:4606: checking whether gcc accepts -g
configure:4627: gcc -c -g  conftest.c >&5
configure:4627: $? = 0
configure:4671: result: yes
configure:4691: checking for gcc option to enable C11 features
configure:4706: gcc  -c -g -O2  conftest.c >&5
configure:4706: $? = 0
configure:4724: result: none needed
configure:4840: checking whether gcc understands -c and -o together
configure:4863: gcc -c conftest.c -o conftest2.o
configure:4866: $? = 0
configure:4863: gcc -c conftest.c -o conftest2.o
configure:4866: $? = 0
configure:4878: result: yes
configure:4897: checking dependency style of gcc
configure:5009: result: gcc3
configure:5035: checking for stdio.h
configure:5035: gcc -c -g -O2  conftest.c >&5
configure:5035: $? = 0
configure:5035: result: yes
configure:5035: checking for stdlib.h
configure:5035: gcc -c -g -O2  conftest.c >&5
configure:5035: $? = 0
configure:5035: result: yes
configure:5035: checking for string.h
configure:5035: gcc -c -g -O2  conftest.c >&5
configure:5035: $? = 0
configure:5035: result: yes
configure:5035: checking for inttypes.h
configure:5035: gcc -c -g -O2  conftest.c >&5
configure:5035: $? = 0
configure:5035: result: yes
configure:5035: checking for stdint.h
configure:5035: gcc -c -g -O2  conftest.c >&5
configure:5035: $? = 0
configure:5035: result: yes
configure:5035: checking for strings.h
configure:5035: gcc -c -g -O2  conftest.c >&5
configure:5035: $? = 0
configure:5035: result: yes
configure:5035: checking for sys/stat.h
configure:5035: gcc -c -g -O2  conftest.c >&5
configure:5035: $? = 0
configure:5035: result: yes
configure:5035: checking for sys/types.h
configure:5035: gcc -c -g -O2  conftest.c >&5
configure:5035: $? = 0
configure:5035: result: yes
configure:5035: checking for unistd.h
configure:5035: gcc -c -g -O2  conftest.c >&5
configure:5035: $? = 0
configure:5035: result: yes
configure:5060: checking for size_t
configure:5060: gcc -c -g -O2  conftest.c >&5
configure:5060: $? = 0
configure:5060: gcc -c -g -O2  conftest.c >&5
conftest.c:52:21: error: expected expression
if (sizeof ((size_t)))
                    ^
1 error generated.
configure:5060: $? = 1
configure: failed program was:
| /* confdefs.h */
| #define PACKAGE_NAME "quicksort"
| #define PACKAGE_TARNAME "quicksort"
| #define PACKAGE_VERSION "1.0"
| #define PACKAGE_STRING "quicksort 1.0"
| #define PACKAGE_BUGREPORT "kanaya@pineapple.cc"
| #define PACKAGE_URL ""
| #define PACKAGE "quicksort"
| #define VERSION "1.0"
| #define HAVE_STDIO_H 1
| #define HAVE_STDLIB_H 1
| #define HAVE_STRING_H 1
| #define HAVE_INTTYPES_H 1
| #define HAVE_STDINT_H 1
| #define HAVE_STRINGS_H 1
| #define HAVE_SYS_STAT_H 1
| #define HAVE_SYS_TYPES_H 1
| #define HAVE_UNISTD_H 1
| #define STDC_HEADERS 1
| /* end confdefs.h.  */
| #include <stddef.h>
| #ifdef HAVE_STDIO_H
| # include <stdio.h>
| #endif
| #ifdef HAVE_STDLIB_H
| # include <stdlib.h>
| #endif
| #ifdef HAVE_STRING_H
| # include <string.h>
| #endif
| #ifdef HAVE_INTTYPES_H
| # include <inttypes.h>
| #endif
| #ifdef HAVE_STDINT_H
| # include <stdint.h>
| #endif
| #ifdef HAVE_STRINGS_H
| # include <strings.h>
| #endif
| #ifdef HAVE_SYS_TYPES_H
| # include <sys/types.h>
| #endif
| #ifdef HAVE_SYS_STAT_H
| # include <sys/stat.h>
| #endif
| #ifdef HAVE_UNISTD_H
| # include <unistd.h>
| #endif
| int
| main (void)
| {
| if (sizeof ((size_t)))
| 	    return 0;
|   ;
|   return 0;
| }
configure:5060: result: yes
configure:5184: checking that generated files are newer than configure
configure:5190: result: done
configure:5217: creating ./config.status

## ---------------------- ##
## Running config.status. ##
## ---------------------- ##

This file was extended by quicksort config.status 1.0, which was
generated by GNU Autoconf 2.71.  Invocation command line was

  CONFIG_FILES    = 
  CONFIG_HEADERS  = 
  CONFIG_LINKS    = 
  CONFIG_COMMANDS = 
  $ ./config.status 

on Ichis-Mac-mini-M1-8GB.local

config.status:853: creating Makefile
config.status:853: creating src/Makefile
config.status:853: creating config.h
config.status:1034: config.h is unchanged
config.status:1082: executing depfiles commands
config.status:1159: cd src       && sed -e '/# am--include-marker/d' Makefile         | make -f - am--depfiles
make: Nothing to be done for `am--depfiles'.
config.status:1164: $? = 0

## ---------------- ##
## Cache variables. ##
## ---------------- ##

ac_cv_c_compiler_gnu=yes
ac_cv_cxx_compiler_gnu=yes
ac_cv_env_CCC_set=
ac_cv_env_CCC_value=
ac_cv_env_CC_set=
ac_cv_env_CC_value=
ac_cv_env_CFLAGS_set=
ac_cv_env_CFLAGS_value=
ac_cv_env_CPPFLAGS_set=
ac_cv_env_CPPFLAGS_value=
ac_cv_env_CXXFLAGS_set=
ac_cv_env_CXXFLAGS_value=
ac_cv_env_CXX_set=set
ac_cv_env_CXX_value=g++-12
ac_cv_env_LDFLAGS_set=
ac_cv_env_LDFLAGS_value=
ac_cv_env_LIBS_set=
ac_cv_env_LIBS_value=
ac_cv_env_build_alias_set=
ac_cv_env_build_alias_value=
ac_cv_env_host_alias_set=
ac_cv_env_host_alias_value=
ac_cv_env_target_alias_set=
ac_cv_env_target_alias_value=
ac_cv_header_inttypes_h=yes
ac_cv_header_stdint_h=yes
ac_cv_header_stdio_h=yes
ac_cv_header_stdlib_h=yes
ac_cv_header_string_h=yes
ac_cv_header_strings_h=yes
ac_cv_header_sys_stat_h=yes
ac_cv_header_sys_types_h=yes
ac_cv_header_unistd_h=yes
ac_cv_objext=o
ac_cv_path_install='/usr/bin/install -c'
ac_cv_prog_AWK=gawk
ac_cv_prog_ac_ct_CC=gcc
ac_cv_prog_cc_c11=
ac_cv_prog_cc_g=yes
ac_cv_prog_cc_stdc=
ac_cv_prog_cxx_11=no
ac_cv_prog_cxx_cxx11=
ac_cv_prog_cxx_g=yes
ac_cv_prog_cxx_stdcxx=
ac_cv_prog_make_make_set=yes
ac_cv_type_size_t=yes
am_cv_CC_dependencies_compiler_type=gcc3
am_cv_CXX_dependencies_compiler_type=gcc3
am_cv_make_support_nested_variables=yes
am_cv_prog_cc_c_o=yes

## ----------------- ##
## Output variables. ##
## ----------------- ##

ACLOCAL='${SHELL} '\''/Users/kanaya/Home/quick-sort-in-many-languages/c++/missing'\'' aclocal-1.16'
AMDEPBACKSLASH='\'
AMDEP_FALSE='#'
AMDEP_TRUE=''
AMTAR='$${TAR-tar}'
AM_BACKSLASH='\'
AM_DEFAULT_V='$(AM_DEFAULT_VERBOSITY)'
AM_DEFAULT_VERBOSITY='1'
AM_V='$(V)'
AUTOCONF='${SHELL} '\''/Users/kanaya/Home/quick-sort-in-many-languages/c++/missing'\'' autoconf'
AUTOHEADER='${SHELL} '\''/Users/kanaya/Home/quick-sort-in-many-languages/c++/missing'\'' autoheader'
AUTOMAKE='${SHELL} '\''/Users/kanaya/Home/quick-sort-in-many-languages/c++/missing'\'' automake-1.16'
AWK='gawk'
CC='gcc'
CCDEPMODE='depmode=gcc3'
CFLAGS='-g -O2'
CPPFLAGS=''
CSCOPE='cscope'
CTAGS='ctags'
CXX='g++-12'
CXXDEPMODE='depmode=gcc3'
CXXFLAGS='-g -O2'
CYGPATH_W='echo'
DEFS='-DHAVE_CONFIG_H'
DEPDIR='.deps'
ECHO_C='\c'
ECHO_N=''
ECHO_T=''
ETAGS='etags'
EXEEXT=''
INSTALL_DATA='${INSTALL} -m 644'
INSTALL_PROGRAM='${INSTALL}'
INSTALL_SCRIPT='${INSTALL}'
INSTALL_STRIP_PROGRAM='$(install_sh) -c -s'
LDFLAGS=''
LIBOBJS=''
LIBS=''
LTLIBOBJS=''
MAKEINFO='${SHELL} '\''/Users/kanaya/Home/quick-sort-in-many-languages/c++/missing'\'' makeinfo'
MKDIR_P='./install-sh -c -d'
OBJEXT='o'
PACKAGE='quicksort'
PACKAGE_BUGREPORT='kanaya@pineapple.cc'
PACKAGE_NAME='quicksort'
PACKAGE_STRING='quicksort 1.0'
PACKAGE_TARNAME='quicksort'
PACKAGE_URL=''
PACKAGE_VERSION='1.0'
PATH_SEPARATOR=':'
SET_MAKE=''
SHELL='/bin/sh'
STRIP=''
VERSION='1.0'
ac_ct_CC='gcc'
ac_ct_CXX=''
am__EXEEXT_FALSE=''
am__EXEEXT_TRUE='#'
am__fastdepCC_FALSE='#'
am__fastdepCC_TRUE=''
am__fastdepCXX_FALSE='#'
am__fastdepCXX_TRUE=''
am__include='include'
am__isrc=''
am__leading_dot='.'
am__nodep='_no'
am__quote=''
am__tar='$${TAR-tar} chof - "$$tardir"'
am__untar='$${TAR-tar} xf -'
bindir='${exec_prefix}/bin'
build_alias=''
datadir='${datarootdir}'
datarootdir='${prefix}/share'
docdir='${datarootdir}/doc/${PACKAGE_TARNAME}'
dvidir='${docdir}'
exec_prefix='${prefix}'
host_alias=''
htmldir='${docdir}'
includedir='${prefix}/include'
infodir='${datarootdir}/info'
install_sh='${SHELL} /Users/kanaya/Home/quick-sort-in-many-languages/c++/install-sh'
libdir='${exec_prefix}/lib'
libexecdir='${exec_prefix}/libexec'
localedir='${datarootdir}/locale'
localstatedir='${prefix}/var'
mandir='${datarootdir}/man'
mkdir_p='$(MKDIR_P)'
oldincludedir='/usr/include'
pdfdir='${docdir}'
prefix='/usr/local'
program_transform_name='s,x,x,'
psdir='${docdir}'
runstatedir='${localstatedir}/run'
sbindir='${exec_prefix}/sbin'
sharedstatedir='${prefix}/com'
sysconfdir='${prefix}/etc'
target_alias=''

## ----------- ##
## confdefs.h. ##
## ----------- ##

/* confdefs.h */
#define PACKAGE_NAME "quicksort"
#define PACKAGE_TARNAME "quicksort"
#define PACKAGE_VERSION "1.0"
#define PACKAGE_STRING "quicksort 1.0"
#define PACKAGE_BUGREPORT "kanaya@pineapple.cc"
#define PACKAGE_URL ""
#define PACKAGE "quicksort"
#define VERSION "1.0"
#define HAVE_STDIO_H 1
#define HAVE_STDLIB_H 1
#define HAVE_STRING_H 1
#define HAVE_INTTYPES_H 1
#define HAVE_STDINT_H 1
#define HAVE_STRINGS_H 1
#define HAVE_SYS_STAT_H 1
#define HAVE_SYS_TYPES_H 1
#define HAVE_UNISTD_H 1
#define STDC_HEADERS 1

configure: exit 0
